2018-09-04 09:26:27,591 INFO org.springframework.boot.StartupInfoLogger [main] Starting RestJerseyTest on L-R90HGXQ0 with PID 6628 (started by aron.hosszu in C:\Users\aron.hosszu\Documents\TestProject\testproject)
2018-09-04 09:26:27,597 INFO org.springframework.boot.SpringApplication [main] No active profile set, falling back to default profiles: default
2018-09-04 09:26:27,711 INFO org.springframework.context.support.AbstractApplicationContext [main] Refreshing org.springframework.web.context.support.GenericWebApplicationContext@446a1e84: startup date [Tue Sep 04 09:26:27 EEST 2018]; root of context hierarchy
2018-09-04 09:26:30,538 INFO org.springframework.beans.factory.annotation.AutowiredAnnotationBeanPostProcessor [main] JSR-330 'javax.inject.Inject' annotation found and supported for autowiring
2018-09-04 09:26:30,942 INFO org.springframework.context.support.PostProcessorRegistrationDelegate$BeanPostProcessorChecker [main] Bean 'org.springframework.transaction.annotation.ProxyTransactionManagementConfiguration' of type [org.springframework.transaction.annotation.ProxyTransactionManagementConfiguration$$EnhancerBySpringCGLIB$$314f9ff] is not eligible for getting processed by all BeanPostProcessors (for example: not eligible for auto-proxying)
2018-09-04 09:26:31,473 INFO com.zaxxer.hikari.HikariDataSource [main] HikariPool-1 - Starting...
2018-09-04 09:26:32,828 INFO com.zaxxer.hikari.HikariDataSource [main] HikariPool-1 - Start completed.
2018-09-04 09:26:33,007 INFO org.springframework.orm.jpa.LocalContainerEntityManagerFactoryBean [main] Building JPA container EntityManagerFactory for persistence unit 'default'
2018-09-04 09:26:33,130 INFO org.hibernate.jpa.internal.util.LogHelper [main] HHH000204: Processing PersistenceUnitInfo [
	name: default
	...]
2018-09-04 09:26:33,509 INFO org.hibernate.Version [main] HHH000412: Hibernate Core {5.2.17.Final}
2018-09-04 09:26:33,513 INFO org.hibernate.cfg.Environment [main] HHH000206: hibernate.properties not found
2018-09-04 09:26:33,642 INFO org.hibernate.annotations.common.reflection.java.JavaReflectionManager [main] HCANN000001: Hibernate Commons Annotations {5.0.1.Final}
2018-09-04 09:26:33,921 INFO org.hibernate.dialect.Dialect [main] HHH000400: Using dialect: org.hibernate.dialect.MySQL5Dialect
2018-09-04 09:26:35,187 INFO org.springframework.orm.jpa.AbstractEntityManagerFactoryBean [main] Initialized JPA EntityManagerFactory for persistence unit 'default'
2018-09-04 09:26:36,477 INFO org.springframework.web.servlet.handler.AbstractUrlHandlerMapping [main] Mapped URL path [/**/favicon.ico] onto handler of type [class org.springframework.web.servlet.resource.ResourceHttpRequestHandler]
2018-09-04 09:26:37,839 INFO org.springframework.web.servlet.mvc.method.annotation.RequestMappingHandlerAdapter [main] Looking for @ControllerAdvice: org.springframework.web.context.support.GenericWebApplicationContext@446a1e84: startup date [Tue Sep 04 09:26:27 EEST 2018]; root of context hierarchy
2018-09-04 09:26:37,978 WARN org.springframework.boot.autoconfigure.orm.jpa.JpaBaseConfiguration$JpaWebConfiguration$JpaWebMvcConfiguration [main] spring.jpa.open-in-view is enabled by default. Therefore, database queries may be performed during view rendering. Explicitly configure spring.jpa.open-in-view to disable this warning
2018-09-04 09:26:38,092 INFO org.springframework.web.servlet.handler.AbstractHandlerMethodMapping$MappingRegistry [main] Mapped "{[/error]}" onto public org.springframework.http.ResponseEntity<java.util.Map<java.lang.String, java.lang.Object>> org.springframework.boot.autoconfigure.web.servlet.error.BasicErrorController.error(javax.servlet.http.HttpServletRequest)
2018-09-04 09:26:38,097 INFO org.springframework.web.servlet.handler.AbstractHandlerMethodMapping$MappingRegistry [main] Mapped "{[/error],produces=[text/html]}" onto public org.springframework.web.servlet.ModelAndView org.springframework.boot.autoconfigure.web.servlet.error.BasicErrorController.errorHtml(javax.servlet.http.HttpServletRequest,javax.servlet.http.HttpServletResponse)
2018-09-04 09:26:38,178 INFO org.springframework.web.servlet.handler.AbstractUrlHandlerMapping [main] Mapped URL path [/webjars/**] onto handler of type [class org.springframework.web.servlet.resource.ResourceHttpRequestHandler]
2018-09-04 09:26:38,179 INFO org.springframework.web.servlet.handler.AbstractUrlHandlerMapping [main] Mapped URL path [/**] onto handler of type [class org.springframework.web.servlet.resource.ResourceHttpRequestHandler]
2018-09-04 09:26:39,189 INFO org.springframework.boot.StartupInfoLogger [main] Started RestJerseyTest in 12.552 seconds (JVM running for 16.791)
2018-09-04 09:26:39,834 INFO com.workspace.testproject.rest.jersey.BaseJerseyRequests [main] Sending POST request to: 'https://jsonplaceholder.typicode.com/posts'
2018-09-04 09:26:42,011 INFO com.workspace.testproject.rest.jersey.BaseJerseyRequests [main] Sending PUT request to: 'https://jsonplaceholder.typicode.com/posts/1'
2018-09-04 09:26:42,573 INFO com.workspace.testproject.rest.jersey.BaseJerseyRequests [main] Sending GET request to: 'https://jsonplaceholder.typicode.com/todos/1'
2018-09-04 09:26:43,106 INFO org.springframework.context.support.AbstractApplicationContext [Thread-2] Closing org.springframework.web.context.support.GenericWebApplicationContext@446a1e84: startup date [Tue Sep 04 09:26:27 EEST 2018]; root of context hierarchy
2018-09-04 09:26:43,110 INFO org.springframework.orm.jpa.AbstractEntityManagerFactoryBean [Thread-2] Closing JPA EntityManagerFactory for persistence unit 'default'
2018-09-04 09:26:43,111 INFO com.zaxxer.hikari.HikariDataSource [Thread-2] HikariPool-1 - Shutdown initiated...
2018-09-04 09:26:43,128 INFO com.zaxxer.hikari.HikariDataSource [Thread-2] HikariPool-1 - Shutdown completed.
2018-09-04 09:26:56,782 INFO org.springframework.boot.StartupInfoLogger [main] Starting RestSpringTest on L-R90HGXQ0 with PID 2000 (started by aron.hosszu in C:\Users\aron.hosszu\Documents\TestProject\testproject)
2018-09-04 09:26:56,786 INFO org.springframework.boot.SpringApplication [main] No active profile set, falling back to default profiles: default
2018-09-04 09:26:56,859 INFO org.springframework.context.support.AbstractApplicationContext [main] Refreshing org.springframework.web.context.support.GenericWebApplicationContext@2657d4dd: startup date [Tue Sep 04 09:26:56 EEST 2018]; root of context hierarchy
2018-09-04 09:26:59,069 INFO org.springframework.beans.factory.annotation.AutowiredAnnotationBeanPostProcessor [main] JSR-330 'javax.inject.Inject' annotation found and supported for autowiring
2018-09-04 09:26:59,292 INFO org.springframework.context.support.PostProcessorRegistrationDelegate$BeanPostProcessorChecker [main] Bean 'org.springframework.transaction.annotation.ProxyTransactionManagementConfiguration' of type [org.springframework.transaction.annotation.ProxyTransactionManagementConfiguration$$EnhancerBySpringCGLIB$$26dfa627] is not eligible for getting processed by all BeanPostProcessors (for example: not eligible for auto-proxying)
2018-09-04 09:26:59,703 INFO com.zaxxer.hikari.HikariDataSource [main] HikariPool-1 - Starting...
2018-09-04 09:27:00,683 INFO com.zaxxer.hikari.HikariDataSource [main] HikariPool-1 - Start completed.
2018-09-04 09:27:00,791 INFO org.springframework.orm.jpa.LocalContainerEntityManagerFactoryBean [main] Building JPA container EntityManagerFactory for persistence unit 'default'
2018-09-04 09:27:00,856 INFO org.hibernate.jpa.internal.util.LogHelper [main] HHH000204: Processing PersistenceUnitInfo [
	name: default
	...]
2018-09-04 09:27:01,172 INFO org.hibernate.Version [main] HHH000412: Hibernate Core {5.2.17.Final}
2018-09-04 09:27:01,178 INFO org.hibernate.cfg.Environment [main] HHH000206: hibernate.properties not found
2018-09-04 09:27:01,270 INFO org.hibernate.annotations.common.reflection.java.JavaReflectionManager [main] HCANN000001: Hibernate Commons Annotations {5.0.1.Final}
2018-09-04 09:27:01,519 INFO org.hibernate.dialect.Dialect [main] HHH000400: Using dialect: org.hibernate.dialect.MySQL5Dialect
2018-09-04 09:27:02,589 INFO org.springframework.orm.jpa.AbstractEntityManagerFactoryBean [main] Initialized JPA EntityManagerFactory for persistence unit 'default'
2018-09-04 09:27:03,654 INFO org.springframework.web.servlet.handler.AbstractUrlHandlerMapping [main] Mapped URL path [/**/favicon.ico] onto handler of type [class org.springframework.web.servlet.resource.ResourceHttpRequestHandler]
2018-09-04 09:27:04,625 INFO org.springframework.web.servlet.mvc.method.annotation.RequestMappingHandlerAdapter [main] Looking for @ControllerAdvice: org.springframework.web.context.support.GenericWebApplicationContext@2657d4dd: startup date [Tue Sep 04 09:26:56 EEST 2018]; root of context hierarchy
2018-09-04 09:27:04,741 WARN org.springframework.boot.autoconfigure.orm.jpa.JpaBaseConfiguration$JpaWebConfiguration$JpaWebMvcConfiguration [main] spring.jpa.open-in-view is enabled by default. Therefore, database queries may be performed during view rendering. Explicitly configure spring.jpa.open-in-view to disable this warning
2018-09-04 09:27:04,867 INFO org.springframework.web.servlet.handler.AbstractHandlerMethodMapping$MappingRegistry [main] Mapped "{[/error]}" onto public org.springframework.http.ResponseEntity<java.util.Map<java.lang.String, java.lang.Object>> org.springframework.boot.autoconfigure.web.servlet.error.BasicErrorController.error(javax.servlet.http.HttpServletRequest)
2018-09-04 09:27:04,871 INFO org.springframework.web.servlet.handler.AbstractHandlerMethodMapping$MappingRegistry [main] Mapped "{[/error],produces=[text/html]}" onto public org.springframework.web.servlet.ModelAndView org.springframework.boot.autoconfigure.web.servlet.error.BasicErrorController.errorHtml(javax.servlet.http.HttpServletRequest,javax.servlet.http.HttpServletResponse)
2018-09-04 09:27:04,953 INFO org.springframework.web.servlet.handler.AbstractUrlHandlerMapping [main] Mapped URL path [/webjars/**] onto handler of type [class org.springframework.web.servlet.resource.ResourceHttpRequestHandler]
2018-09-04 09:27:04,954 INFO org.springframework.web.servlet.handler.AbstractUrlHandlerMapping [main] Mapped URL path [/**] onto handler of type [class org.springframework.web.servlet.resource.ResourceHttpRequestHandler]
2018-09-04 09:27:06,023 INFO org.springframework.boot.StartupInfoLogger [main] Started RestSpringTest in 10.028 seconds (JVM running for 12.527)
2018-09-04 09:27:06,436 INFO com.workspace.testproject.rest.spring.BaseSpringRequests [main] Sending POST request to: 'https://jsonplaceholder.typicode.com/posts'
2018-09-04 09:27:07,273 INFO com.workspace.testproject.rest.spring.BaseSpringRequests [main] Sending GET request to: 'https://jsonplaceholder.typicode.com/todos/1'
2018-09-04 09:27:07,351 INFO com.workspace.testproject.rest.spring.BaseSpringRequests [main] Sending PUT request to: 'https://jsonplaceholder.typicode.com/posts/1'
2018-09-04 09:27:07,667 INFO org.springframework.context.support.AbstractApplicationContext [Thread-2] Closing org.springframework.web.context.support.GenericWebApplicationContext@2657d4dd: startup date [Tue Sep 04 09:26:56 EEST 2018]; root of context hierarchy
2018-09-04 09:27:07,672 INFO org.springframework.orm.jpa.AbstractEntityManagerFactoryBean [Thread-2] Closing JPA EntityManagerFactory for persistence unit 'default'
2018-09-04 09:27:07,673 INFO com.zaxxer.hikari.HikariDataSource [Thread-2] HikariPool-1 - Shutdown initiated...
2018-09-04 09:27:07,703 INFO com.zaxxer.hikari.HikariDataSource [Thread-2] HikariPool-1 - Shutdown completed.
2018-09-04 09:27:53,255 INFO org.springframework.boot.StartupInfoLogger [main] Starting LoginTest on L-R90HGXQ0 with PID 9816 (started by aron.hosszu in C:\Users\aron.hosszu\Documents\TestProject\testproject)
2018-09-04 09:27:53,266 INFO org.springframework.boot.SpringApplication [main] No active profile set, falling back to default profiles: default
2018-09-04 09:27:53,431 INFO org.springframework.context.support.AbstractApplicationContext [main] Refreshing org.springframework.web.context.support.GenericWebApplicationContext@1080b026: startup date [Tue Sep 04 09:27:53 EEST 2018]; root of context hierarchy
2018-09-04 09:27:56,335 INFO org.springframework.beans.factory.annotation.AutowiredAnnotationBeanPostProcessor [main] JSR-330 'javax.inject.Inject' annotation found and supported for autowiring
2018-09-04 09:27:56,645 INFO org.springframework.context.support.PostProcessorRegistrationDelegate$BeanPostProcessorChecker [main] Bean 'org.springframework.transaction.annotation.ProxyTransactionManagementConfiguration' of type [org.springframework.transaction.annotation.ProxyTransactionManagementConfiguration$$EnhancerBySpringCGLIB$$1b278b] is not eligible for getting processed by all BeanPostProcessors (for example: not eligible for auto-proxying)
2018-09-04 09:27:57,124 INFO com.zaxxer.hikari.HikariDataSource [main] HikariPool-1 - Starting...
2018-09-04 09:27:57,599 INFO com.zaxxer.hikari.HikariDataSource [main] HikariPool-1 - Start completed.
2018-09-04 09:27:57,685 INFO org.springframework.orm.jpa.LocalContainerEntityManagerFactoryBean [main] Building JPA container EntityManagerFactory for persistence unit 'default'
2018-09-04 09:27:57,734 INFO org.hibernate.jpa.internal.util.LogHelper [main] HHH000204: Processing PersistenceUnitInfo [
	name: default
	...]
2018-09-04 09:27:58,150 INFO org.hibernate.Version [main] HHH000412: Hibernate Core {5.2.17.Final}
2018-09-04 09:27:58,160 INFO org.hibernate.cfg.Environment [main] HHH000206: hibernate.properties not found
2018-09-04 09:27:58,302 INFO org.hibernate.annotations.common.reflection.java.JavaReflectionManager [main] HCANN000001: Hibernate Commons Annotations {5.0.1.Final}
2018-09-04 09:27:58,819 INFO org.hibernate.dialect.Dialect [main] HHH000400: Using dialect: org.hibernate.dialect.MySQL5Dialect
2018-09-04 09:28:00,025 INFO org.springframework.orm.jpa.AbstractEntityManagerFactoryBean [main] Initialized JPA EntityManagerFactory for persistence unit 'default'
2018-09-04 09:28:01,152 INFO org.springframework.web.servlet.handler.AbstractUrlHandlerMapping [main] Mapped URL path [/**/favicon.ico] onto handler of type [class org.springframework.web.servlet.resource.ResourceHttpRequestHandler]
2018-09-04 09:28:02,489 INFO org.springframework.web.servlet.mvc.method.annotation.RequestMappingHandlerAdapter [main] Looking for @ControllerAdvice: org.springframework.web.context.support.GenericWebApplicationContext@1080b026: startup date [Tue Sep 04 09:27:53 EEST 2018]; root of context hierarchy
2018-09-04 09:28:02,630 WARN org.springframework.boot.autoconfigure.orm.jpa.JpaBaseConfiguration$JpaWebConfiguration$JpaWebMvcConfiguration [main] spring.jpa.open-in-view is enabled by default. Therefore, database queries may be performed during view rendering. Explicitly configure spring.jpa.open-in-view to disable this warning
2018-09-04 09:28:02,752 INFO org.springframework.web.servlet.handler.AbstractHandlerMethodMapping$MappingRegistry [main] Mapped "{[/error]}" onto public org.springframework.http.ResponseEntity<java.util.Map<java.lang.String, java.lang.Object>> org.springframework.boot.autoconfigure.web.servlet.error.BasicErrorController.error(javax.servlet.http.HttpServletRequest)
2018-09-04 09:28:02,761 INFO org.springframework.web.servlet.handler.AbstractHandlerMethodMapping$MappingRegistry [main] Mapped "{[/error],produces=[text/html]}" onto public org.springframework.web.servlet.ModelAndView org.springframework.boot.autoconfigure.web.servlet.error.BasicErrorController.errorHtml(javax.servlet.http.HttpServletRequest,javax.servlet.http.HttpServletResponse)
2018-09-04 09:28:02,832 INFO org.springframework.web.servlet.handler.AbstractUrlHandlerMapping [main] Mapped URL path [/webjars/**] onto handler of type [class org.springframework.web.servlet.resource.ResourceHttpRequestHandler]
2018-09-04 09:28:02,833 INFO org.springframework.web.servlet.handler.AbstractUrlHandlerMapping [main] Mapped URL path [/**] onto handler of type [class org.springframework.web.servlet.resource.ResourceHttpRequestHandler]
2018-09-04 09:28:03,690 INFO org.springframework.boot.StartupInfoLogger [main] Started LoginTest in 11.265 seconds (JVM running for 18.447)
2018-09-04 09:28:25,095 INFO org.springframework.context.support.AbstractApplicationContext [Thread-2] Closing org.springframework.web.context.support.GenericWebApplicationContext@1080b026: startup date [Tue Sep 04 09:27:53 EEST 2018]; root of context hierarchy
2018-09-04 09:28:25,099 INFO org.springframework.orm.jpa.AbstractEntityManagerFactoryBean [Thread-2] Closing JPA EntityManagerFactory for persistence unit 'default'
2018-09-04 09:28:25,104 INFO com.zaxxer.hikari.HikariDataSource [Thread-2] HikariPool-1 - Shutdown initiated...
2018-09-04 09:28:25,124 INFO com.zaxxer.hikari.HikariDataSource [Thread-2] HikariPool-1 - Shutdown completed.
2018-09-04 09:29:47,932 INFO org.springframework.boot.StartupInfoLogger [main] Starting LoginTest on L-R90HGXQ0 with PID 12164 (started by aron.hosszu in C:\Users\aron.hosszu\Documents\TestProject\testproject)
2018-09-04 09:29:47,949 INFO org.springframework.boot.SpringApplication [main] No active profile set, falling back to default profiles: default
2018-09-04 09:29:48,212 INFO org.springframework.context.support.AbstractApplicationContext [main] Refreshing org.springframework.web.context.support.GenericWebApplicationContext@1080b026: startup date [Tue Sep 04 09:29:48 EEST 2018]; root of context hierarchy
2018-09-04 09:29:50,969 INFO org.springframework.beans.factory.annotation.AutowiredAnnotationBeanPostProcessor [main] JSR-330 'javax.inject.Inject' annotation found and supported for autowiring
2018-09-04 09:29:51,252 INFO org.springframework.context.support.PostProcessorRegistrationDelegate$BeanPostProcessorChecker [main] Bean 'org.springframework.transaction.annotation.ProxyTransactionManagementConfiguration' of type [org.springframework.transaction.annotation.ProxyTransactionManagementConfiguration$$EnhancerBySpringCGLIB$$1b278b] is not eligible for getting processed by all BeanPostProcessors (for example: not eligible for auto-proxying)
2018-09-04 09:29:51,754 INFO com.zaxxer.hikari.HikariDataSource [main] HikariPool-1 - Starting...
2018-09-04 09:29:52,231 INFO com.zaxxer.hikari.HikariDataSource [main] HikariPool-1 - Start completed.
2018-09-04 09:29:52,349 INFO org.springframework.orm.jpa.LocalContainerEntityManagerFactoryBean [main] Building JPA container EntityManagerFactory for persistence unit 'default'
2018-09-04 09:29:52,389 INFO org.hibernate.jpa.internal.util.LogHelper [main] HHH000204: Processing PersistenceUnitInfo [
	name: default
	...]
2018-09-04 09:29:52,688 INFO org.hibernate.Version [main] HHH000412: Hibernate Core {5.2.17.Final}
2018-09-04 09:29:52,699 INFO org.hibernate.cfg.Environment [main] HHH000206: hibernate.properties not found
2018-09-04 09:29:52,794 INFO org.hibernate.annotations.common.reflection.java.JavaReflectionManager [main] HCANN000001: Hibernate Commons Annotations {5.0.1.Final}
2018-09-04 09:29:53,113 INFO org.hibernate.dialect.Dialect [main] HHH000400: Using dialect: org.hibernate.dialect.MySQL5Dialect
2018-09-04 09:29:54,382 INFO org.springframework.orm.jpa.AbstractEntityManagerFactoryBean [main] Initialized JPA EntityManagerFactory for persistence unit 'default'
2018-09-04 09:29:55,454 INFO org.springframework.web.servlet.handler.AbstractUrlHandlerMapping [main] Mapped URL path [/**/favicon.ico] onto handler of type [class org.springframework.web.servlet.resource.ResourceHttpRequestHandler]
2018-09-04 09:29:56,563 INFO org.springframework.web.servlet.mvc.method.annotation.RequestMappingHandlerAdapter [main] Looking for @ControllerAdvice: org.springframework.web.context.support.GenericWebApplicationContext@1080b026: startup date [Tue Sep 04 09:29:48 EEST 2018]; root of context hierarchy
2018-09-04 09:29:56,659 WARN org.springframework.boot.autoconfigure.orm.jpa.JpaBaseConfiguration$JpaWebConfiguration$JpaWebMvcConfiguration [main] spring.jpa.open-in-view is enabled by default. Therefore, database queries may be performed during view rendering. Explicitly configure spring.jpa.open-in-view to disable this warning
2018-09-04 09:29:56,753 INFO org.springframework.web.servlet.handler.AbstractHandlerMethodMapping$MappingRegistry [main] Mapped "{[/error]}" onto public org.springframework.http.ResponseEntity<java.util.Map<java.lang.String, java.lang.Object>> org.springframework.boot.autoconfigure.web.servlet.error.BasicErrorController.error(javax.servlet.http.HttpServletRequest)
2018-09-04 09:29:56,763 INFO org.springframework.web.servlet.handler.AbstractHandlerMethodMapping$MappingRegistry [main] Mapped "{[/error],produces=[text/html]}" onto public org.springframework.web.servlet.ModelAndView org.springframework.boot.autoconfigure.web.servlet.error.BasicErrorController.errorHtml(javax.servlet.http.HttpServletRequest,javax.servlet.http.HttpServletResponse)
2018-09-04 09:29:56,903 INFO org.springframework.web.servlet.handler.AbstractUrlHandlerMapping [main] Mapped URL path [/webjars/**] onto handler of type [class org.springframework.web.servlet.resource.ResourceHttpRequestHandler]
2018-09-04 09:29:56,904 INFO org.springframework.web.servlet.handler.AbstractUrlHandlerMapping [main] Mapped URL path [/**] onto handler of type [class org.springframework.web.servlet.resource.ResourceHttpRequestHandler]
2018-09-04 09:29:57,965 INFO org.springframework.boot.StartupInfoLogger [main] Started LoginTest in 10.875 seconds (JVM running for 17.815)
2018-09-04 09:30:07,469 INFO org.springframework.context.support.AbstractApplicationContext [Thread-2] Closing org.springframework.web.context.support.GenericWebApplicationContext@1080b026: startup date [Tue Sep 04 09:29:48 EEST 2018]; root of context hierarchy
2018-09-04 09:30:07,479 INFO org.springframework.orm.jpa.AbstractEntityManagerFactoryBean [Thread-2] Closing JPA EntityManagerFactory for persistence unit 'default'
2018-09-04 09:30:07,481 INFO com.zaxxer.hikari.HikariDataSource [Thread-2] HikariPool-1 - Shutdown initiated...
2018-09-04 09:30:07,502 INFO com.zaxxer.hikari.HikariDataSource [Thread-2] HikariPool-1 - Shutdown completed.
2018-09-04 09:32:25,102 INFO org.springframework.boot.StartupInfoLogger [main] Starting PropertiesReaderTest on L-R90HGXQ0 with PID 11244 (started by aron.hosszu in C:\Users\aron.hosszu\Documents\TestProject\testproject)
2018-09-04 09:32:25,114 INFO org.springframework.boot.SpringApplication [main] No active profile set, falling back to default profiles: default
2018-09-04 09:32:25,185 INFO org.springframework.context.support.AbstractApplicationContext [main] Refreshing org.springframework.web.context.support.GenericWebApplicationContext@446a1e84: startup date [Tue Sep 04 09:32:25 EEST 2018]; root of context hierarchy
2018-09-04 09:32:28,754 INFO org.springframework.beans.factory.annotation.AutowiredAnnotationBeanPostProcessor [main] JSR-330 'javax.inject.Inject' annotation found and supported for autowiring
2018-09-04 09:32:29,069 INFO org.springframework.context.support.PostProcessorRegistrationDelegate$BeanPostProcessorChecker [main] Bean 'org.springframework.transaction.annotation.ProxyTransactionManagementConfiguration' of type [org.springframework.transaction.annotation.ProxyTransactionManagementConfiguration$$EnhancerBySpringCGLIB$$5d22304d] is not eligible for getting processed by all BeanPostProcessors (for example: not eligible for auto-proxying)
2018-09-04 09:32:29,613 INFO com.zaxxer.hikari.HikariDataSource [main] HikariPool-1 - Starting...
2018-09-04 09:32:30,676 INFO com.zaxxer.hikari.HikariDataSource [main] HikariPool-1 - Start completed.
2018-09-04 09:32:30,773 INFO org.springframework.orm.jpa.LocalContainerEntityManagerFactoryBean [main] Building JPA container EntityManagerFactory for persistence unit 'default'
2018-09-04 09:32:30,819 INFO org.hibernate.jpa.internal.util.LogHelper [main] HHH000204: Processing PersistenceUnitInfo [
	name: default
	...]
2018-09-04 09:32:31,233 INFO org.hibernate.Version [main] HHH000412: Hibernate Core {5.2.17.Final}
2018-09-04 09:32:31,235 INFO org.hibernate.cfg.Environment [main] HHH000206: hibernate.properties not found
2018-09-04 09:32:31,328 INFO org.hibernate.annotations.common.reflection.java.JavaReflectionManager [main] HCANN000001: Hibernate Commons Annotations {5.0.1.Final}
2018-09-04 09:32:31,677 INFO org.hibernate.dialect.Dialect [main] HHH000400: Using dialect: org.hibernate.dialect.MySQL5Dialect
2018-09-04 09:32:33,045 INFO org.springframework.orm.jpa.AbstractEntityManagerFactoryBean [main] Initialized JPA EntityManagerFactory for persistence unit 'default'
2018-09-04 09:32:34,501 INFO org.springframework.web.servlet.handler.AbstractUrlHandlerMapping [main] Mapped URL path [/**/favicon.ico] onto handler of type [class org.springframework.web.servlet.resource.ResourceHttpRequestHandler]
2018-09-04 09:32:36,217 INFO org.springframework.web.servlet.mvc.method.annotation.RequestMappingHandlerAdapter [main] Looking for @ControllerAdvice: org.springframework.web.context.support.GenericWebApplicationContext@446a1e84: startup date [Tue Sep 04 09:32:25 EEST 2018]; root of context hierarchy
2018-09-04 09:32:36,380 WARN org.springframework.boot.autoconfigure.orm.jpa.JpaBaseConfiguration$JpaWebConfiguration$JpaWebMvcConfiguration [main] spring.jpa.open-in-view is enabled by default. Therefore, database queries may be performed during view rendering. Explicitly configure spring.jpa.open-in-view to disable this warning
2018-09-04 09:32:36,641 INFO org.springframework.web.servlet.handler.AbstractHandlerMethodMapping$MappingRegistry [main] Mapped "{[/error]}" onto public org.springframework.http.ResponseEntity<java.util.Map<java.lang.String, java.lang.Object>> org.springframework.boot.autoconfigure.web.servlet.error.BasicErrorController.error(javax.servlet.http.HttpServletRequest)
2018-09-04 09:32:36,649 INFO org.springframework.web.servlet.handler.AbstractHandlerMethodMapping$MappingRegistry [main] Mapped "{[/error],produces=[text/html]}" onto public org.springframework.web.servlet.ModelAndView org.springframework.boot.autoconfigure.web.servlet.error.BasicErrorController.errorHtml(javax.servlet.http.HttpServletRequest,javax.servlet.http.HttpServletResponse)
2018-09-04 09:32:36,849 INFO org.springframework.web.servlet.handler.AbstractUrlHandlerMapping [main] Mapped URL path [/webjars/**] onto handler of type [class org.springframework.web.servlet.resource.ResourceHttpRequestHandler]
2018-09-04 09:32:36,851 INFO org.springframework.web.servlet.handler.AbstractUrlHandlerMapping [main] Mapped URL path [/**] onto handler of type [class org.springframework.web.servlet.resource.ResourceHttpRequestHandler]
2018-09-04 09:32:38,144 INFO org.springframework.boot.StartupInfoLogger [main] Started PropertiesReaderTest in 14.215 seconds (JVM running for 17.073)
2018-09-04 09:32:38,533 INFO org.springframework.context.support.AbstractApplicationContext [Thread-2] Closing org.springframework.web.context.support.GenericWebApplicationContext@446a1e84: startup date [Tue Sep 04 09:32:25 EEST 2018]; root of context hierarchy
2018-09-04 09:32:38,544 INFO org.springframework.orm.jpa.AbstractEntityManagerFactoryBean [Thread-2] Closing JPA EntityManagerFactory for persistence unit 'default'
2018-09-04 09:32:38,547 INFO com.zaxxer.hikari.HikariDataSource [Thread-2] HikariPool-1 - Shutdown initiated...
2018-09-04 09:32:38,582 INFO com.zaxxer.hikari.HikariDataSource [Thread-2] HikariPool-1 - Shutdown completed.
2018-09-04 09:48:03,799 INFO org.springframework.boot.StartupInfoLogger [main] Starting DatabaseTest on L-R90HGXQ0 with PID 736 (started by aron.hosszu in C:\Users\aron.hosszu\Documents\TestProject\testproject)
2018-09-04 09:48:03,802 INFO org.springframework.boot.SpringApplication [main] No active profile set, falling back to default profiles: default
2018-09-04 09:48:03,836 INFO org.springframework.context.support.AbstractApplicationContext [main] Refreshing org.springframework.web.context.support.GenericWebApplicationContext@5276d6ee: startup date [Tue Sep 04 09:48:03 EEST 2018]; root of context hierarchy
2018-09-04 09:48:05,322 INFO org.springframework.beans.factory.annotation.AutowiredAnnotationBeanPostProcessor [main] JSR-330 'javax.inject.Inject' annotation found and supported for autowiring
2018-09-04 09:48:05,488 INFO org.springframework.context.support.PostProcessorRegistrationDelegate$BeanPostProcessorChecker [main] Bean 'org.springframework.transaction.annotation.ProxyTransactionManagementConfiguration' of type [org.springframework.transaction.annotation.ProxyTransactionManagementConfiguration$$EnhancerBySpringCGLIB$$80e447] is not eligible for getting processed by all BeanPostProcessors (for example: not eligible for auto-proxying)
2018-09-04 09:48:05,763 INFO com.zaxxer.hikari.HikariDataSource [main] HikariPool-1 - Starting...
2018-09-04 09:48:06,455 INFO com.zaxxer.hikari.HikariDataSource [main] HikariPool-1 - Start completed.
2018-09-04 09:48:06,534 INFO org.springframework.orm.jpa.LocalContainerEntityManagerFactoryBean [main] Building JPA container EntityManagerFactory for persistence unit 'default'
2018-09-04 09:48:06,554 INFO org.hibernate.jpa.internal.util.LogHelper [main] HHH000204: Processing PersistenceUnitInfo [
	name: default
	...]
2018-09-04 09:48:06,736 INFO org.hibernate.Version [main] HHH000412: Hibernate Core {5.2.17.Final}
2018-09-04 09:48:06,744 INFO org.hibernate.cfg.Environment [main] HHH000206: hibernate.properties not found
2018-09-04 09:48:06,795 INFO org.hibernate.annotations.common.reflection.java.JavaReflectionManager [main] HCANN000001: Hibernate Commons Annotations {5.0.1.Final}
2018-09-04 09:48:06,998 INFO org.hibernate.dialect.Dialect [main] HHH000400: Using dialect: org.hibernate.dialect.MySQL5Dialect
2018-09-04 09:48:07,782 INFO org.springframework.orm.jpa.AbstractEntityManagerFactoryBean [main] Initialized JPA EntityManagerFactory for persistence unit 'default'
2018-09-04 09:48:08,803 INFO org.springframework.web.servlet.handler.AbstractUrlHandlerMapping [main] Mapped URL path [/**/favicon.ico] onto handler of type [class org.springframework.web.servlet.resource.ResourceHttpRequestHandler]
2018-09-04 09:48:09,089 INFO org.springframework.web.servlet.mvc.method.annotation.RequestMappingHandlerAdapter [main] Looking for @ControllerAdvice: org.springframework.web.context.support.GenericWebApplicationContext@5276d6ee: startup date [Tue Sep 04 09:48:03 EEST 2018]; root of context hierarchy
2018-09-04 09:48:09,165 WARN org.springframework.boot.autoconfigure.orm.jpa.JpaBaseConfiguration$JpaWebConfiguration$JpaWebMvcConfiguration [main] spring.jpa.open-in-view is enabled by default. Therefore, database queries may be performed during view rendering. Explicitly configure spring.jpa.open-in-view to disable this warning
2018-09-04 09:48:09,229 INFO org.springframework.web.servlet.handler.AbstractHandlerMethodMapping$MappingRegistry [main] Mapped "{[/error]}" onto public org.springframework.http.ResponseEntity<java.util.Map<java.lang.String, java.lang.Object>> org.springframework.boot.autoconfigure.web.servlet.error.BasicErrorController.error(javax.servlet.http.HttpServletRequest)
2018-09-04 09:48:09,232 INFO org.springframework.web.servlet.handler.AbstractHandlerMethodMapping$MappingRegistry [main] Mapped "{[/error],produces=[text/html]}" onto public org.springframework.web.servlet.ModelAndView org.springframework.boot.autoconfigure.web.servlet.error.BasicErrorController.errorHtml(javax.servlet.http.HttpServletRequest,javax.servlet.http.HttpServletResponse)
2018-09-04 09:48:09,270 INFO org.springframework.web.servlet.handler.AbstractUrlHandlerMapping [main] Mapped URL path [/webjars/**] onto handler of type [class org.springframework.web.servlet.resource.ResourceHttpRequestHandler]
2018-09-04 09:48:09,271 INFO org.springframework.web.servlet.handler.AbstractUrlHandlerMapping [main] Mapped URL path [/**] onto handler of type [class org.springframework.web.servlet.resource.ResourceHttpRequestHandler]
2018-09-04 09:48:09,901 INFO org.springframework.boot.StartupInfoLogger [main] Started DatabaseTest in 6.698 seconds (JVM running for 8.246)
2018-09-04 09:48:10,205 INFO org.springframework.context.support.AbstractApplicationContext [Thread-2] Closing org.springframework.web.context.support.GenericWebApplicationContext@5276d6ee: startup date [Tue Sep 04 09:48:03 EEST 2018]; root of context hierarchy
2018-09-04 09:48:10,205 INFO org.springframework.orm.jpa.AbstractEntityManagerFactoryBean [Thread-2] Closing JPA EntityManagerFactory for persistence unit 'default'
2018-09-04 09:48:10,205 INFO com.zaxxer.hikari.HikariDataSource [Thread-2] HikariPool-1 - Shutdown initiated...
2018-09-04 09:48:10,232 INFO com.zaxxer.hikari.HikariDataSource [Thread-2] HikariPool-1 - Shutdown completed.
2018-09-04 10:01:08,993 INFO org.springframework.boot.StartupInfoLogger [main] Starting DatabaseTest on L-R90HGXQ0 with PID 10128 (started by aron.hosszu in C:\Users\aron.hosszu\Documents\TestProject\testproject)
2018-09-04 10:01:08,998 INFO org.springframework.boot.SpringApplication [main] No active profile set, falling back to default profiles: default
2018-09-04 10:01:09,060 INFO org.springframework.context.support.AbstractApplicationContext [main] Refreshing org.springframework.web.context.support.GenericWebApplicationContext@1807f5a7: startup date [Tue Sep 04 10:01:09 EEST 2018]; root of context hierarchy
2018-09-04 10:01:10,781 INFO org.springframework.beans.factory.annotation.AutowiredAnnotationBeanPostProcessor [main] JSR-330 'javax.inject.Inject' annotation found and supported for autowiring
2018-09-04 10:01:11,020 INFO org.springframework.context.support.PostProcessorRegistrationDelegate$BeanPostProcessorChecker [main] Bean 'org.springframework.transaction.annotation.ProxyTransactionManagementConfiguration' of type [org.springframework.transaction.annotation.ProxyTransactionManagementConfiguration$$EnhancerBySpringCGLIB$$acd8cedb] is not eligible for getting processed by all BeanPostProcessors (for example: not eligible for auto-proxying)
2018-09-04 10:01:11,281 INFO com.zaxxer.hikari.HikariDataSource [main] HikariPool-1 - Starting...
2018-09-04 10:01:12,004 INFO com.zaxxer.hikari.HikariDataSource [main] HikariPool-1 - Start completed.
2018-09-04 10:01:12,065 INFO org.springframework.orm.jpa.LocalContainerEntityManagerFactoryBean [main] Building JPA container EntityManagerFactory for persistence unit 'default'
2018-09-04 10:01:12,071 INFO org.hibernate.jpa.internal.util.LogHelper [main] HHH000204: Processing PersistenceUnitInfo [
	name: default
	...]
2018-09-04 10:01:12,312 INFO org.hibernate.Version [main] HHH000412: Hibernate Core {5.2.17.Final}
2018-09-04 10:01:12,317 INFO org.hibernate.cfg.Environment [main] HHH000206: hibernate.properties not found
2018-09-04 10:01:12,381 INFO org.hibernate.annotations.common.reflection.java.JavaReflectionManager [main] HCANN000001: Hibernate Commons Annotations {5.0.1.Final}
2018-09-04 10:01:12,589 INFO org.hibernate.dialect.Dialect [main] HHH000400: Using dialect: org.hibernate.dialect.MySQL5Dialect
2018-09-04 10:01:13,389 INFO org.springframework.orm.jpa.AbstractEntityManagerFactoryBean [main] Initialized JPA EntityManagerFactory for persistence unit 'default'
2018-09-04 10:01:14,860 INFO org.springframework.web.servlet.handler.AbstractUrlHandlerMapping [main] Mapped URL path [/**/favicon.ico] onto handler of type [class org.springframework.web.servlet.resource.ResourceHttpRequestHandler]
2018-09-04 10:01:15,192 INFO org.springframework.web.servlet.mvc.method.annotation.RequestMappingHandlerAdapter [main] Looking for @ControllerAdvice: org.springframework.web.context.support.GenericWebApplicationContext@1807f5a7: startup date [Tue Sep 04 10:01:09 EEST 2018]; root of context hierarchy
2018-09-04 10:01:15,263 WARN org.springframework.boot.autoconfigure.orm.jpa.JpaBaseConfiguration$JpaWebConfiguration$JpaWebMvcConfiguration [main] spring.jpa.open-in-view is enabled by default. Therefore, database queries may be performed during view rendering. Explicitly configure spring.jpa.open-in-view to disable this warning
2018-09-04 10:01:15,325 INFO org.springframework.web.servlet.handler.AbstractHandlerMethodMapping$MappingRegistry [main] Mapped "{[/error]}" onto public org.springframework.http.ResponseEntity<java.util.Map<java.lang.String, java.lang.Object>> org.springframework.boot.autoconfigure.web.servlet.error.BasicErrorController.error(javax.servlet.http.HttpServletRequest)
2018-09-04 10:01:15,328 INFO org.springframework.web.servlet.handler.AbstractHandlerMethodMapping$MappingRegistry [main] Mapped "{[/error],produces=[text/html]}" onto public org.springframework.web.servlet.ModelAndView org.springframework.boot.autoconfigure.web.servlet.error.BasicErrorController.errorHtml(javax.servlet.http.HttpServletRequest,javax.servlet.http.HttpServletResponse)
2018-09-04 10:01:15,373 INFO org.springframework.web.servlet.handler.AbstractUrlHandlerMapping [main] Mapped URL path [/webjars/**] onto handler of type [class org.springframework.web.servlet.resource.ResourceHttpRequestHandler]
2018-09-04 10:01:15,374 INFO org.springframework.web.servlet.handler.AbstractUrlHandlerMapping [main] Mapped URL path [/**] onto handler of type [class org.springframework.web.servlet.resource.ResourceHttpRequestHandler]
2018-09-04 10:01:16,046 INFO org.springframework.boot.StartupInfoLogger [main] Started DatabaseTest in 7.619 seconds (JVM running for 9.088)
2018-09-04 10:01:16,295 INFO org.hibernate.hql.internal.QueryTranslatorFactoryInitiator [main] HHH000397: Using ASTQueryTranslatorFactory
2018-09-04 10:01:16,569 INFO org.springframework.context.support.AbstractApplicationContext [Thread-2] Closing org.springframework.web.context.support.GenericWebApplicationContext@1807f5a7: startup date [Tue Sep 04 10:01:09 EEST 2018]; root of context hierarchy
2018-09-04 10:01:16,575 INFO org.springframework.orm.jpa.AbstractEntityManagerFactoryBean [Thread-2] Closing JPA EntityManagerFactory for persistence unit 'default'
2018-09-04 10:01:16,576 INFO com.zaxxer.hikari.HikariDataSource [Thread-2] HikariPool-1 - Shutdown initiated...
2018-09-04 10:01:16,609 INFO com.zaxxer.hikari.HikariDataSource [Thread-2] HikariPool-1 - Shutdown completed.
2018-09-04 10:11:20,726 INFO org.springframework.boot.StartupInfoLogger [main] Starting TestprojectApplication on L-R90HGXQ0 with PID 6964 (C:\Users\aron.hosszu\Documents\TestProject\testproject\target\classes started by aron.hosszu in C:\Users\aron.hosszu\Documents\TestProject\testproject)
2018-09-04 10:11:20,739 INFO org.springframework.boot.SpringApplication [main] No active profile set, falling back to default profiles: default
2018-09-04 10:11:20,858 INFO org.springframework.context.support.AbstractApplicationContext [main] Refreshing org.springframework.boot.web.servlet.context.AnnotationConfigServletWebServerApplicationContext@68999068: startup date [Tue Sep 04 10:11:20 EEST 2018]; root of context hierarchy
2018-09-04 10:11:22,481 INFO org.springframework.beans.factory.annotation.AutowiredAnnotationBeanPostProcessor [main] JSR-330 'javax.inject.Inject' annotation found and supported for autowiring
2018-09-04 10:11:22,657 INFO org.springframework.context.support.PostProcessorRegistrationDelegate$BeanPostProcessorChecker [main] Bean 'org.springframework.transaction.annotation.ProxyTransactionManagementConfiguration' of type [org.springframework.transaction.annotation.ProxyTransactionManagementConfiguration$$EnhancerBySpringCGLIB$$4d9a489c] is not eligible for getting processed by all BeanPostProcessors (for example: not eligible for auto-proxying)
2018-09-04 10:11:23,345 INFO org.springframework.boot.web.embedded.tomcat.TomcatWebServer [main] Tomcat initialized with port(s): 8080 (http)
2018-09-04 10:11:23,379 INFO org.apache.juli.logging.DirectJDKLog [main] Initializing ProtocolHandler ["http-nio-8080"]
2018-09-04 10:11:23,406 INFO org.apache.juli.logging.DirectJDKLog [main] Starting service [Tomcat]
2018-09-04 10:11:23,407 INFO org.apache.juli.logging.DirectJDKLog [main] Starting Servlet Engine: Apache Tomcat/8.5.32
2018-09-04 10:11:23,419 INFO org.apache.juli.logging.DirectJDKLog [localhost-startStop-1] The APR based Apache Tomcat Native library which allows optimal performance in production environments was not found on the java.library.path: [C:\Program Files\Java\jdk1.8.0_172\bin;C:\WINDOWS\Sun\Java\bin;C:\WINDOWS\system32;C:\WINDOWS;C:\WINDOWS\system32;C:\WINDOWS;C:\WINDOWS\System32\Wbem;C:\WINDOWS\System32\WindowsPowerShell\v1.0\;C:\Program Files\Git\cmd;C:\Program Files\Microsoft SQL Server\Client SDK\ODBC\130\Tools\Binn\;C:\Program Files (x86)\Microsoft SQL Server\130\Tools\Binn\;C:\Program Files\Microsoft SQL Server\130\Tools\Binn\;C:\Program Files\Microsoft SQL Server\130\DTS\Binn\;C:\Program Files (x86)\Microsoft SQL Server\Client SDK\ODBC\130\Tools\Binn\;C:\Program Files (x86)\Microsoft SQL Server\130\DTS\Binn\;C:\Program Files (x86)\Microsoft SQL Server\130\Tools\Binn\ManagementStudio\;C:\DRIVERS;C:\DURR\dev\Programs\Tools\apache-maven-3.5.0\bin;C:\DURR\dev\Programs\Tools\apache-maven-3.5.0\bin;D:\dev\Programs\Tools\slik-svn-1.9.6-64bit\bin;.]
2018-09-04 10:11:23,607 INFO org.apache.juli.logging.DirectJDKLog [localhost-startStop-1] Initializing Spring embedded WebApplicationContext
2018-09-04 10:11:23,608 INFO org.springframework.boot.web.servlet.context.ServletWebServerApplicationContext [localhost-startStop-1] Root WebApplicationContext: initialization completed in 2750 ms
2018-09-04 10:11:23,700 INFO org.springframework.boot.web.servlet.ServletRegistrationBean [localhost-startStop-1] Servlet dispatcherServlet mapped to [/]
2018-09-04 10:11:23,706 INFO org.springframework.boot.web.servlet.AbstractFilterRegistrationBean [localhost-startStop-1] Mapping filter: 'characterEncodingFilter' to: [/*]
2018-09-04 10:11:23,707 INFO org.springframework.boot.web.servlet.AbstractFilterRegistrationBean [localhost-startStop-1] Mapping filter: 'hiddenHttpMethodFilter' to: [/*]
2018-09-04 10:11:23,707 INFO org.springframework.boot.web.servlet.AbstractFilterRegistrationBean [localhost-startStop-1] Mapping filter: 'httpPutFormContentFilter' to: [/*]
2018-09-04 10:11:23,708 INFO org.springframework.boot.web.servlet.AbstractFilterRegistrationBean [localhost-startStop-1] Mapping filter: 'requestContextFilter' to: [/*]
2018-09-04 10:11:24,125 INFO com.zaxxer.hikari.HikariDataSource [main] HikariPool-1 - Starting...
2018-09-04 10:11:24,659 INFO com.zaxxer.hikari.HikariDataSource [main] HikariPool-1 - Start completed.
2018-09-04 10:11:24,715 INFO org.springframework.orm.jpa.LocalContainerEntityManagerFactoryBean [main] Building JPA container EntityManagerFactory for persistence unit 'default'
2018-09-04 10:11:24,737 INFO org.hibernate.jpa.internal.util.LogHelper [main] HHH000204: Processing PersistenceUnitInfo [
	name: default
	...]
2018-09-04 10:11:24,946 INFO org.hibernate.Version [main] HHH000412: Hibernate Core {5.2.17.Final}
2018-09-04 10:11:24,952 INFO org.hibernate.cfg.Environment [main] HHH000206: hibernate.properties not found
2018-09-04 10:11:25,033 INFO org.hibernate.annotations.common.reflection.java.JavaReflectionManager [main] HCANN000001: Hibernate Commons Annotations {5.0.1.Final}
2018-09-04 10:11:25,220 INFO org.hibernate.dialect.Dialect [main] HHH000400: Using dialect: org.hibernate.dialect.MySQL5Dialect
2018-09-04 10:11:25,982 INFO org.springframework.orm.jpa.AbstractEntityManagerFactoryBean [main] Initialized JPA EntityManagerFactory for persistence unit 'default'
2018-09-04 10:11:26,708 INFO org.springframework.web.servlet.handler.AbstractUrlHandlerMapping [main] Mapped URL path [/**/favicon.ico] onto handler of type [class org.springframework.web.servlet.resource.ResourceHttpRequestHandler]
2018-09-04 10:11:27,008 INFO org.springframework.web.servlet.mvc.method.annotation.RequestMappingHandlerAdapter [main] Looking for @ControllerAdvice: org.springframework.boot.web.servlet.context.AnnotationConfigServletWebServerApplicationContext@68999068: startup date [Tue Sep 04 10:11:20 EEST 2018]; root of context hierarchy
2018-09-04 10:11:27,072 WARN org.springframework.boot.autoconfigure.orm.jpa.JpaBaseConfiguration$JpaWebConfiguration$JpaWebMvcConfiguration [main] spring.jpa.open-in-view is enabled by default. Therefore, database queries may be performed during view rendering. Explicitly configure spring.jpa.open-in-view to disable this warning
2018-09-04 10:11:27,139 INFO org.springframework.web.servlet.handler.AbstractHandlerMethodMapping$MappingRegistry [main] Mapped "{[/error]}" onto public org.springframework.http.ResponseEntity<java.util.Map<java.lang.String, java.lang.Object>> org.springframework.boot.autoconfigure.web.servlet.error.BasicErrorController.error(javax.servlet.http.HttpServletRequest)
2018-09-04 10:11:27,141 INFO org.springframework.web.servlet.handler.AbstractHandlerMethodMapping$MappingRegistry [main] Mapped "{[/error],produces=[text/html]}" onto public org.springframework.web.servlet.ModelAndView org.springframework.boot.autoconfigure.web.servlet.error.BasicErrorController.errorHtml(javax.servlet.http.HttpServletRequest,javax.servlet.http.HttpServletResponse)
2018-09-04 10:11:27,183 INFO org.springframework.web.servlet.handler.AbstractUrlHandlerMapping [main] Mapped URL path [/webjars/**] onto handler of type [class org.springframework.web.servlet.resource.ResourceHttpRequestHandler]
2018-09-04 10:11:27,184 INFO org.springframework.web.servlet.handler.AbstractUrlHandlerMapping [main] Mapped URL path [/**] onto handler of type [class org.springframework.web.servlet.resource.ResourceHttpRequestHandler]
2018-09-04 10:11:27,717 INFO org.springframework.jmx.export.MBeanExporter [main] Registering beans for JMX exposure on startup
2018-09-04 10:11:27,720 INFO org.springframework.jmx.export.MBeanExporter [main] Bean with name 'dataSource' has been autodetected for JMX exposure
2018-09-04 10:11:27,728 INFO org.springframework.jmx.export.MBeanExporter [main] Located MBean 'dataSource': registering with JMX server as MBean [com.zaxxer.hikari:name=dataSource,type=HikariDataSource]
2018-09-04 10:11:27,747 INFO org.apache.juli.logging.DirectJDKLog [main] Starting ProtocolHandler ["http-nio-8080"]
2018-09-04 10:11:27,765 INFO org.apache.juli.logging.DirectJDKLog [main] Using a shared selector for servlet write/read
2018-09-04 10:11:27,788 INFO org.springframework.boot.web.embedded.tomcat.TomcatWebServer [main] Tomcat started on port(s): 8080 (http) with context path ''
2018-09-04 10:11:27,794 INFO org.springframework.boot.StartupInfoLogger [main] Started TestprojectApplication in 7.906 seconds (JVM running for 8.663)
2018-09-04 10:12:57,648 INFO org.springframework.boot.StartupInfoLogger [main] Starting DatabaseTest on L-R90HGXQ0 with PID 6852 (started by aron.hosszu in C:\Users\aron.hosszu\Documents\TestProject\testproject)
2018-09-04 10:12:57,651 INFO org.springframework.boot.SpringApplication [main] No active profile set, falling back to default profiles: default
2018-09-04 10:12:57,690 INFO org.springframework.context.support.AbstractApplicationContext [main] Refreshing org.springframework.web.context.support.GenericWebApplicationContext@1807f5a7: startup date [Tue Sep 04 10:12:57 EEST 2018]; root of context hierarchy
2018-09-04 10:12:59,140 INFO org.springframework.beans.factory.annotation.AutowiredAnnotationBeanPostProcessor [main] JSR-330 'javax.inject.Inject' annotation found and supported for autowiring
2018-09-04 10:12:59,270 INFO org.springframework.context.support.PostProcessorRegistrationDelegate$BeanPostProcessorChecker [main] Bean 'org.springframework.transaction.annotation.ProxyTransactionManagementConfiguration' of type [org.springframework.transaction.annotation.ProxyTransactionManagementConfiguration$$EnhancerBySpringCGLIB$$e1fc46a] is not eligible for getting processed by all BeanPostProcessors (for example: not eligible for auto-proxying)
2018-09-04 10:12:59,525 INFO com.zaxxer.hikari.HikariDataSource [main] HikariPool-1 - Starting...
2018-09-04 10:13:00,222 INFO com.zaxxer.hikari.HikariDataSource [main] HikariPool-1 - Start completed.
2018-09-04 10:13:00,290 INFO org.springframework.orm.jpa.LocalContainerEntityManagerFactoryBean [main] Building JPA container EntityManagerFactory for persistence unit 'default'
2018-09-04 10:13:00,311 INFO org.hibernate.jpa.internal.util.LogHelper [main] HHH000204: Processing PersistenceUnitInfo [
	name: default
	...]
2018-09-04 10:13:00,464 INFO org.hibernate.Version [main] HHH000412: Hibernate Core {5.2.17.Final}
2018-09-04 10:13:00,464 INFO org.hibernate.cfg.Environment [main] HHH000206: hibernate.properties not found
2018-09-04 10:13:00,534 INFO org.hibernate.annotations.common.reflection.java.JavaReflectionManager [main] HCANN000001: Hibernate Commons Annotations {5.0.1.Final}
2018-09-04 10:13:00,736 INFO org.hibernate.dialect.Dialect [main] HHH000400: Using dialect: org.hibernate.dialect.MySQL5Dialect
2018-09-04 10:13:01,524 INFO org.springframework.orm.jpa.AbstractEntityManagerFactoryBean [main] Initialized JPA EntityManagerFactory for persistence unit 'default'
2018-09-04 10:13:02,520 INFO org.springframework.web.servlet.handler.AbstractUrlHandlerMapping [main] Mapped URL path [/**/favicon.ico] onto handler of type [class org.springframework.web.servlet.resource.ResourceHttpRequestHandler]
2018-09-04 10:13:02,846 INFO org.springframework.web.servlet.mvc.method.annotation.RequestMappingHandlerAdapter [main] Looking for @ControllerAdvice: org.springframework.web.context.support.GenericWebApplicationContext@1807f5a7: startup date [Tue Sep 04 10:12:57 EEST 2018]; root of context hierarchy
2018-09-04 10:13:02,912 WARN org.springframework.boot.autoconfigure.orm.jpa.JpaBaseConfiguration$JpaWebConfiguration$JpaWebMvcConfiguration [main] spring.jpa.open-in-view is enabled by default. Therefore, database queries may be performed during view rendering. Explicitly configure spring.jpa.open-in-view to disable this warning
2018-09-04 10:13:02,975 INFO org.springframework.web.servlet.handler.AbstractHandlerMethodMapping$MappingRegistry [main] Mapped "{[/error]}" onto public org.springframework.http.ResponseEntity<java.util.Map<java.lang.String, java.lang.Object>> org.springframework.boot.autoconfigure.web.servlet.error.BasicErrorController.error(javax.servlet.http.HttpServletRequest)
2018-09-04 10:13:02,977 INFO org.springframework.web.servlet.handler.AbstractHandlerMethodMapping$MappingRegistry [main] Mapped "{[/error],produces=[text/html]}" onto public org.springframework.web.servlet.ModelAndView org.springframework.boot.autoconfigure.web.servlet.error.BasicErrorController.errorHtml(javax.servlet.http.HttpServletRequest,javax.servlet.http.HttpServletResponse)
2018-09-04 10:13:03,026 INFO org.springframework.web.servlet.handler.AbstractUrlHandlerMapping [main] Mapped URL path [/webjars/**] onto handler of type [class org.springframework.web.servlet.resource.ResourceHttpRequestHandler]
2018-09-04 10:13:03,027 INFO org.springframework.web.servlet.handler.AbstractUrlHandlerMapping [main] Mapped URL path [/**] onto handler of type [class org.springframework.web.servlet.resource.ResourceHttpRequestHandler]
2018-09-04 10:13:03,611 INFO org.springframework.boot.StartupInfoLogger [main] Started DatabaseTest in 6.523 seconds (JVM running for 8.138)
2018-09-04 10:13:03,927 INFO org.hibernate.hql.internal.QueryTranslatorFactoryInitiator [main] HHH000397: Using ASTQueryTranslatorFactory
2018-09-04 10:13:04,143 INFO org.springframework.context.support.AbstractApplicationContext [Thread-2] Closing org.springframework.web.context.support.GenericWebApplicationContext@1807f5a7: startup date [Tue Sep 04 10:12:57 EEST 2018]; root of context hierarchy
2018-09-04 10:13:04,150 INFO org.springframework.orm.jpa.AbstractEntityManagerFactoryBean [Thread-2] Closing JPA EntityManagerFactory for persistence unit 'default'
2018-09-04 10:13:04,152 INFO com.zaxxer.hikari.HikariDataSource [Thread-2] HikariPool-1 - Shutdown initiated...
2018-09-04 10:13:04,170 INFO com.zaxxer.hikari.HikariDataSource [Thread-2] HikariPool-1 - Shutdown completed.
